Build started 5/9/2012 11:43:50 PM.
     1>Project "C:\Users\jfraney\Desktop\Nerdy Ninjas\the-final-twinkie\FinalTwinkie\FinalTwinkie\FinalTwinkie.vcxproj" on node 2 (build target(s)).
     1>InitializeBuildStatus:
         Touching "Debug\FinalTwinkie.unsuccessfulbuild".
       ClCompile:
         c:\Program Files (x86)\Microsoft Visual Studio 10.0\VC\bin\CL.exe /c /I"C:\Program Files (x86)\Microsoft DirectX SDK (June 2010)\Lib\x86" /ZI /nologo /W3 /WX- /Od /Oy- /D WIN32 /D _DEBUG /D _WINDOWS /D _UNICODE /D UNICODE /Gm /EHsc /RTC1 /MDd /GS /fp:precise /Zc:wchar_t /Zc:forScope /Fo"Debug\\" /Fd"Debug\vc100.pdb" /Gd /TP /analyze- /errorReport:prompt source\ObjectFactory.cpp
         ObjectFactory.cpp
       ManifestResourceCompile:
         All outputs are up-to-date.
       Link:
         c:\Program Files (x86)\Microsoft Visual Studio 10.0\VC\bin\link.exe /ERRORREPORT:PROMPT /OUT:"C:\Users\jfraney\Desktop\Nerdy Ninjas\the-final-twinkie\FinalTwinkie\Debug\FinalTwinkie.exe" /INCREMENTAL /NOLOGO kernel32.lib user32.lib gdi32.lib winspool.lib comdlg32.lib advapi32.lib shell32.lib ole32.lib oleaut32.lib uuid.lib odbc32.lib odbccp32.lib /MANIFEST /ManifestFile:"Debug\FinalTwinkie.exe.intermediate.manifest" /MANIFESTUAC:"level='asInvoker' uiAccess='false'" /DEBUG /PDB:"C:\Users\jfraney\Desktop\Nerdy Ninjas\the-final-twinkie\FinalTwinkie\Debug\FinalTwinkie.pdb" /SUBSYSTEM:WINDOWS /TLBID:1 /DYNAMICBASE /NXCOMPAT /IMPLIB:"C:\Users\jfraney\Desktop\Nerdy Ninjas\the-final-twinkie\FinalTwinkie\Debug\FinalTwinkie.lib" /MACHINE:X86 Debug\FinalTwinkie.exe.embed.manifest.res
         Debug\CSGD_Direct3D.obj
         Debug\CSGD_DirectInput.obj
         Debug\CSGD_TextureManager.obj
         Debug\SGD_Math.obj
         Debug\AirStrike.obj
         Debug\Animation.obj
         Debug\AnimationManager.obj
         Debug\BitmapFont.obj
         Debug\Building.obj
         Debug\Bullet.obj
         Debug\Camera.obj
         Debug\CreateBulletMessage.obj
         Debug\CreateEnemyMessage.obj
         Debug\CreatePickupMessage.obj
         Debug\CreditsState.obj
         Debug\DestroyBulletMessage.obj
         Debug\DestroyEnemyMessage.obj
         Debug\DestroyPickupMessage.obj
         Debug\Emitter.obj
         Debug\EMP.obj
         Debug\Enemy.obj
         Debug\Entity.obj
         Debug\FlyText.obj
         Debug\Frame.obj
         Debug\Game.obj
         Debug\GamePlayState.obj
         Debug\GUI.obj
         Debug\Layer.obj
         Debug\MainMenuState.obj
         Debug\Message.obj
         Debug\MessageSystem.obj
         Debug\Nuke.obj
         Debug\ObjectFactory.obj
         Debug\ObjectManager.obj
         Debug\OptionsState.obj
         Debug\Particle.obj
         Debug\ParticleManager.obj
         Debug\Pickup.obj
         Debug\Player.obj
         Debug\Reinforcements.obj
         Debug\Sapper.obj
         Debug\ShopState.obj
         Debug\Smoke.obj
         Debug\Special.obj
         Debug\Tank.obj
         Debug\Tile.obj
         Debug\TileManager.obj
         Debug\Turret.obj
         Debug\WinMain.obj
         Debug\tinystr.obj
         Debug\tinyxml.obj
         Debug\tinyxmlerror.obj
         Debug\tinyxmlparser.obj
     1>Tank.obj : error LNK2001: unresolved external symbol "public: virtual int __thiscall CEntity::GetType(void)" (?GetType@CEntity@@UAEHXZ)
     1>Turret.obj : error LNK2001: unresolved external symbol "public: virtual int __thiscall CEntity::GetType(void)" (?GetType@CEntity@@UAEHXZ)
     1>FlyText.obj : error LNK2001: unresolved external symbol "public: virtual int __thiscall CEntity::GetType(void)" (?GetType@CEntity@@UAEHXZ)
     1>Pickup.obj : error LNK2001: unresolved external symbol "public: virtual int __thiscall CEntity::GetType(void)" (?GetType@CEntity@@UAEHXZ)
     1>Player.obj : error LNK2001: unresolved external symbol "public: virtual int __thiscall CEntity::GetType(void)" (?GetType@CEntity@@UAEHXZ)
     1>Sapper.obj : error LNK2001: unresolved external symbol "public: virtual int __thiscall CEntity::GetType(void)" (?GetType@CEntity@@UAEHXZ)
     1>Building.obj : error LNK2001: unresolved external symbol "public: virtual int __thiscall CEntity::GetType(void)" (?GetType@CEntity@@UAEHXZ)
     1>Bullet.obj : error LNK2001: unresolved external symbol "public: virtual int __thiscall CEntity::GetType(void)" (?GetType@CEntity@@UAEHXZ)
     1>Enemy.obj : error LNK2001: unresolved external symbol "public: virtual int __thiscall CEntity::GetType(void)" (?GetType@CEntity@@UAEHXZ)
     1>Entity.obj : error LNK2001: unresolved external symbol "public: virtual int __thiscall CEntity::GetType(void)" (?GetType@CEntity@@UAEHXZ)
     1>C:\Users\jfraney\Desktop\Nerdy Ninjas\the-final-twinkie\FinalTwinkie\Debug\FinalTwinkie.exe : fatal error LNK1120: 1 unresolved externals
     1>Done Building Project "C:\Users\jfraney\Desktop\Nerdy Ninjas\the-final-twinkie\FinalTwinkie\FinalTwinkie\FinalTwinkie.vcxproj" (build target(s)) -- FAILED.

Build FAILED.

Time Elapsed 00:00:03.61
