Build started 5/14/2012 13:13:03.
     1>Project "C:\Users\Nate\Desktop\The Final Twinkie Repository\FinalTwinkie\FinalTwinkie\FinalTwinkie.vcxproj" on node 2 (build target(s)).
     1>InitializeBuildStatus:
         Creating "Debug\FinalTwinkie.unsuccessfulbuild" because "AlwaysCreate" was specified.
       ClCompile:
         c:\Program Files (x86)\Microsoft Visual Studio 10.0\VC\bin\CL.exe /c /ZI /nologo /W3 /WX- /Od /Oy- /D WIN32 /D _DEBUG /D _WINDOWS /D _UNICODE /D UNICODE /Gm /EHsc /RTC1 /MDd /GS /fp:precise /Zc:wchar_t /Zc:forScope /Fo"Debug\\" /Fd"Debug\vc100.pdb" /Gd /TP /analyze- /errorReport:prompt source\GamePlayState.cpp
         GamePlayState.cpp
       ManifestResourceCompile:
         All outputs are up-to-date.
       Link:
         c:\Program Files (x86)\Microsoft Visual Studio 10.0\VC\bin\link.exe /ERRORREPORT:PROMPT /OUT:"C:\Users\Nate\Desktop\The Final Twinkie Repository\FinalTwinkie\Debug\FinalTwinkie.exe" /INCREMENTAL /NOLOGO kernel32.lib user32.lib gdi32.lib winspool.lib comdlg32.lib advapi32.lib shell32.lib ole32.lib oleaut32.lib uuid.lib odbc32.lib odbccp32.lib /MANIFEST /ManifestFile:"Debug\FinalTwinkie.exe.intermediate.manifest" /MANIFESTUAC:"level='asInvoker' uiAccess='false'" /DEBUG /PDB:"C:\Users\Nate\Desktop\The Final Twinkie Repository\FinalTwinkie\Debug\FinalTwinkie.pdb" /SUBSYSTEM:WINDOWS /TLBID:1 /DYNAMICBASE /NXCOMPAT /IMPLIB:"C:\Users\Nate\Desktop\The Final Twinkie Repository\FinalTwinkie\Debug\FinalTwinkie.lib" /MACHINE:X86 Debug\FinalTwinkie.exe.embed.manifest.res
         Debug\CSGD_Direct3D.obj
         Debug\CSGD_DirectInput.obj
         Debug\CSGD_TextureManager.obj
         Debug\SGD_Math.obj
         Debug\AirStrike.obj
         Debug\Animation.obj
         Debug\AnimationManager.obj
         Debug\BitmapFont.obj
         Debug\Building.obj
         Debug\Bullet.obj
         Debug\Camera.obj
         Debug\CreateBulletMessage.obj
         Debug\CreateEnemyMessage.obj
         Debug\CreatePickupMessage.obj
         Debug\CreditsState.obj
         Debug\DestroyBulletMessage.obj
         Debug\DestroyEnemyMessage.obj
         Debug\DestroyPickupMessage.obj
         Debug\Emitter.obj
         Debug\EMP.obj
         Debug\Enemy.obj
         Debug\Entity.obj
         Debug\FlyText.obj
         Debug\Frame.obj
         Debug\Game.obj
         Debug\GamePlayState.obj
         Debug\GUI.obj
         Debug\Layer.obj
         Debug\MainMenuState.obj
         Debug\Message.obj
         Debug\MessageSystem.obj
         Debug\Nuke.obj
         Debug\ObjectManager.obj
         Debug\OptionsState.obj
         Debug\Particle.obj
         Debug\ParticleManager.obj
         Debug\Pickup.obj
         Debug\Player.obj
         Debug\Reinforcements.obj
         Debug\Sapper.obj
         Debug\ShopState.obj
         Debug\Smoke.obj
         Debug\Special.obj
         Debug\Tank.obj
         Debug\Tile.obj
         Debug\TileManager.obj
         Debug\Turret.obj
         Debug\WinMain.obj
         Debug\tinystr.obj
         Debug\tinyxml.obj
         Debug\tinyxmlerror.obj
         Debug\tinyxmlparser.obj fmodex_vc.lib 
       Manifest:
         C:\Program Files (x86)\Microsoft SDKs\Windows\v7.0A\bin\mt.exe /nologo /verbose /out:"Debug\FinalTwinkie.exe.embed.manifest" /manifest Debug\FinalTwinkie.exe.intermediate.manifest
         All outputs are up-to-date.
       LinkEmbedManifest:
         All outputs are up-to-date.
         FinalTwinkie.vcxproj -> C:\Users\Nate\Desktop\The Final Twinkie Repository\FinalTwinkie\Debug\FinalTwinkie.exe
       FinalizeBuildStatus:
         Deleting file "Debug\FinalTwinkie.unsuccessfulbuild".
         Touching "Debug\FinalTwinkie.lastbuildstate".
     1>Done Building Project "C:\Users\Nate\Desktop\The Final Twinkie Repository\FinalTwinkie\FinalTwinkie\FinalTwinkie.vcxproj" (build target(s)).

Build succeeded.

Time Elapsed 00:00:01.66
